android-app/app/build/intermediates/manifest_merge_blame_file/release/processReleaseMainManifest/manifest-merger-blame-release-report.txt
1<?xml version="1.0" encoding="utf-8"?>
2<!--
3    Copyright 2019 Google Inc. All Rights Reserved.
4
5     Licensed under the Apache License, Version 2.0 (the "License");
6     you may not use this file except in compliance with the License.
7     You may obtain a copy of the License at
8
9         http://www.apache.org/licenses/LICENSE-2.0
10
11     Unless required by applicable law or agreed to in writing, software
12     distributed under the License is distributed on an "AS IS" BASIS,
13     WITHOUT WARRANTIES OR CONDITIONS OF ANY KIND, either express or implied.
14     See the License for the specific language governing permissions and
15     limitations under the License.
16-->
17<!--
18 The "package" attribute is rewritten by the Gradle build with the value of applicationId.
19     It is still required here, as it is used to derive paths, for instance when referring
20     to an Activity by ".MyActivity" instead of the full name. If more Activities are added to the
21     application, the package attribute will need to reflect the correct path in order to use
22     the abbreviated format.
23-->
24<manifest xmlns:android="http://schemas.android.com/apk/res/android"
25    package="site.claraai.rh.twa"
26    android:versionCode="1"
27    android:versionName="1" >
28
29    <uses-sdk
30        android:minSdkVersion="21"
31        android:targetSdkVersion="35" />
32
33    <uses-permission android:name="android.permission.POST_NOTIFICATIONS" />
33-->src/main/AndroidManifest.xml:26:9-80
33-->src/main/AndroidManifest.xml:26:26-78
34
35    <queries>
35-->[com.google.androidbrowserhelper:androidbrowserhelper:2.6.2] AndroidManifest.xml:22:5-30:15
36        <intent>
36-->[com.google.androidbrowserhelper:androidbrowserhelper:2.6.2] AndroidManifest.xml:23:9-29:18
37            <action android:name="android.intent.action.VIEW" />
37-->src/main/AndroidManifest.xml:150:17-68
37-->src/main/AndroidManifest.xml:150:25-66
38
39            <category android:name="android.intent.category.BROWSABLE" />
39-->src/main/AndroidManifest.xml:152:17-77
39-->src/main/AndroidManifest.xml:152:27-75
40
41            <data android:scheme="https" />
41-->src/main/AndroidManifest.xml:153:17-156:19
41-->src/main/AndroidManifest.xml:153:23-45
42        </intent>
43    </queries>
44
45    <permission
45-->[androidx.core:core:1.13.0] AndroidManifest.xml:22:5-24:47
46        android:name="site.claraai.rh.twa.DYNAMIC_RECEIVER_NOT_EXPORTED_PERMISSION"
46-->[androidx.core:core:1.13.0] AndroidManifest.xml:23:9-81
47        android:protectionLevel="signature" />
47-->[androidx.core:core:1.13.0] AndroidManifest.xml:24:9-44
48
49    <uses-permission android:name="site.claraai.rh.twa.DYNAMIC_RECEIVER_NOT_EXPORTED_PERMISSION" />
49-->[androidx.core:core:1.13.0] AndroidManifest.xml:26:5-97
49-->[androidx.core:core:1.13.0] AndroidManifest.xml:26:22-94
50
51    <application
51-->src/main/AndroidManifest.xml:35:5-201:19
52        android:name="site.claraai.rh.twa.Application"
52-->src/main/AndroidManifest.xml:36:9-35
53        android:allowBackup="true"
53-->src/main/AndroidManifest.xml:37:9-35
54        android:appComponentFactory="androidx.core.app.CoreComponentFactory"
54-->[androidx.core:core:1.13.0] AndroidManifest.xml:28:18-86
55        android:extractNativeLibs="true"
56        android:icon="@mipmap/ic_launcher"
56-->src/main/AndroidManifest.xml:38:9-43
57        android:label="@string/appName"
57-->src/main/AndroidManifest.xml:39:9-40
58        android:manageSpaceActivity="com.google.androidbrowserhelper.trusted.ManageDataLauncherActivity"
58-->src/main/AndroidManifest.xml:41:9-105
59        android:supportsRtl="true"
59-->src/main/AndroidManifest.xml:43:9-35
60        android:theme="@android:style/Theme.Translucent.NoTitleBar" >
60-->src/main/AndroidManifest.xml:44:9-68
61        <meta-data
61-->src/main/AndroidManifest.xml:46:9-48:58
62            android:name="asset_statements"
62-->src/main/AndroidManifest.xml:47:13-44
63            android:resource="@string/assetStatements" />
63-->src/main/AndroidManifest.xml:48:13-55
64        <meta-data
64-->src/main/AndroidManifest.xml:51:13-53:58
65            android:name="web_manifest_url"
65-->src/main/AndroidManifest.xml:52:17-48
66            android:value="@string/webManifestUrl" />
66-->src/main/AndroidManifest.xml:53:17-55
67        <meta-data
67-->src/main/AndroidManifest.xml:56:9-58:52
68            android:name="twa_generator"
68-->src/main/AndroidManifest.xml:57:13-41
69            android:value="@string/generatorApp" />
69-->src/main/AndroidManifest.xml:58:13-49
70
71        <activity
71-->src/main/AndroidManifest.xml:65:13-76:24
72            android:name="com.google.androidbrowserhelper.trusted.ManageDataLauncherActivity"
72-->src/main/AndroidManifest.xml:65:23-104
73            android:enabled="true"
73-->src/main/AndroidManifest.xml:67:17-39
74            android:excludeFromRecents="true"
74-->src/main/AndroidManifest.xml:68:17-50
75            android:exported="false" >
75-->src/main/AndroidManifest.xml:66:17-41
76            <meta-data
76-->src/main/AndroidManifest.xml:69:17-71:57
77                android:name="android.support.customtabs.trusted.MANAGE_SPACE_URL"
77-->src/main/AndroidManifest.xml:70:21-87
78                android:value="@string/launchUrl" />
78-->src/main/AndroidManifest.xml:71:21-54
79
80            <intent-filter>
80-->src/main/AndroidManifest.xml:72:17-75:33
81                <action android:name="android.intent.action.APPLICATION_PREFERENCES" />
81-->src/main/AndroidManifest.xml:73:21-92
81-->src/main/AndroidManifest.xml:73:29-89
82
83                <category android:name="android.intent.category.DEFAULT" />
83-->src/main/AndroidManifest.xml:74:21-80
83-->src/main/AndroidManifest.xml:74:31-77
84            </intent-filter>
85        </activity>
86        <activity
86-->src/main/AndroidManifest.xml:79:9-162:20
87            android:name="site.claraai.rh.twa.LauncherActivity"
87-->src/main/AndroidManifest.xml:79:19-50
88            android:alwaysRetainTaskState="true"
88-->src/main/AndroidManifest.xml:80:13-49
89            android:configChanges="orientation|screenSize|keyboardHidden|screenLayout"
89-->src/main/AndroidManifest.xml:83:13-87
90            android:exported="true"
90-->src/main/AndroidManifest.xml:82:13-36
91            android:label="@string/launcherName"
91-->src/main/AndroidManifest.xml:81:13-49
92            android:windowSoftInputMode="adjustResize" >
92-->src/main/AndroidManifest.xml:84:13-55
93            <meta-data
93-->src/main/AndroidManifest.xml:85:13-86:53
94                android:name="android.support.customtabs.trusted.DEFAULT_URL"
94-->src/main/AndroidManifest.xml:85:24-85
95                android:value="@string/launchUrl" />
95-->src/main/AndroidManifest.xml:86:17-50
96            <meta-data
96-->src/main/AndroidManifest.xml:88:13-90:58
97                android:name="android.support.customtabs.trusted.STATUS_BAR_COLOR"
97-->src/main/AndroidManifest.xml:89:17-83
98                android:resource="@color/colorPrimary" />
98-->src/main/AndroidManifest.xml:90:17-55
99            <meta-data
99-->src/main/AndroidManifest.xml:94:13-96:62
100                android:name="android.support.customtabs.trusted.STATUS_BAR_COLOR_DARK"
100-->src/main/AndroidManifest.xml:95:17-88
101                android:resource="@color/colorPrimaryDark" />
101-->src/main/AndroidManifest.xml:96:17-59
102            <meta-data
102-->src/main/AndroidManifest.xml:98:13-100:61
103                android:name="android.support.customtabs.trusted.NAVIGATION_BAR_COLOR"
103-->src/main/AndroidManifest.xml:99:17-87
104                android:resource="@color/navigationColor" />
104-->src/main/AndroidManifest.xml:100:17-58
105            <meta-data
105-->src/main/AndroidManifest.xml:102:13-104:65
106                android:name="android.support.customtabs.trusted.NAVIGATION_BAR_COLOR_DARK"
106-->src/main/AndroidManifest.xml:103:17-92
107                android:resource="@color/navigationColorDark" />
107-->src/main/AndroidManifest.xml:104:17-62
108            <meta-data
108-->src/main/AndroidManifest.xml:106:13-108:68
109                android:name="androix.browser.trusted.NAVIGATION_BAR_DIVIDER_COLOR"
109-->src/main/AndroidManifest.xml:107:17-84
110                android:resource="@color/navigationDividerColor" />
110-->src/main/AndroidManifest.xml:108:17-65
111            <meta-data
111-->src/main/AndroidManifest.xml:110:13-112:72
112                android:name="androix.browser.trusted.NAVIGATION_BAR_DIVIDER_COLOR_DARK"
112-->src/main/AndroidManifest.xml:111:17-89
113                android:resource="@color/navigationDividerColorDark" />
113-->src/main/AndroidManifest.xml:112:17-69
114            <meta-data
114-->src/main/AndroidManifest.xml:114:13-115:54
115                android:name="android.support.customtabs.trusted.SPLASH_IMAGE_DRAWABLE"
115-->src/main/AndroidManifest.xml:114:24-95
116                android:resource="@drawable/splash" />
116-->src/main/AndroidManifest.xml:115:17-52
117            <meta-data
117-->src/main/AndroidManifest.xml:117:13-118:60
118                android:name="android.support.customtabs.trusted.SPLASH_SCREEN_BACKGROUND_COLOR"
118-->src/main/AndroidManifest.xml:117:24-104
119                android:resource="@color/backgroundColor" />
119-->src/main/AndroidManifest.xml:118:17-58
120            <meta-data
120-->src/main/AndroidManifest.xml:120:13-121:71
121                android:name="android.support.customtabs.trusted.SPLASH_SCREEN_FADE_OUT_DURATION"
121-->src/main/AndroidManifest.xml:120:24-105
122                android:value="@integer/splashScreenFadeOutDuration" />
122-->src/main/AndroidManifest.xml:121:17-69
123            <meta-data
123-->src/main/AndroidManifest.xml:123:13-124:60
124                android:name="android.support.customtabs.trusted.FILE_PROVIDER_AUTHORITY"
124-->src/main/AndroidManifest.xml:123:24-97
125                android:value="@string/providerAuthority" />
125-->src/main/AndroidManifest.xml:124:17-58
126            <meta-data
126-->src/main/AndroidManifest.xml:126:13-97
127                android:name="android.app.shortcuts"
127-->src/main/AndroidManifest.xml:126:24-60
128                android:resource="@xml/shortcuts" />
128-->src/main/AndroidManifest.xml:126:61-94
129            <meta-data
129-->src/main/AndroidManifest.xml:128:13-129:56
130                android:name="android.support.customtabs.trusted.FALLBACK_STRATEGY"
130-->src/main/AndroidManifest.xml:128:24-91
131                android:value="@string/fallbackType" />
131-->src/main/AndroidManifest.xml:129:17-53
132            <meta-data
132-->src/main/AndroidManifest.xml:135:13-136:54
133                android:name="android.support.customtabs.trusted.SCREEN_ORIENTATION"
133-->src/main/AndroidManifest.xml:135:24-92
134                android:value="@string/orientation" />
134-->src/main/AndroidManifest.xml:136:17-52
135
136            <intent-filter>
136-->src/main/AndroidManifest.xml:144:13-147:29
137                <action android:name="android.intent.action.MAIN" />
137-->src/main/AndroidManifest.xml:145:17-69
137-->src/main/AndroidManifest.xml:145:25-66
138
139                <category android:name="android.intent.category.LAUNCHER" />
139-->src/main/AndroidManifest.xml:146:17-77
139-->src/main/AndroidManifest.xml:146:27-74
140            </intent-filter>
141            <intent-filter android:autoVerify="true" >
141-->src/main/AndroidManifest.xml:149:13-157:29
141-->src/main/AndroidManifest.xml:149:28-53
142                <action android:name="android.intent.action.VIEW" />
142-->src/main/AndroidManifest.xml:150:17-68
142-->src/main/AndroidManifest.xml:150:25-66
143
144                <category android:name="android.intent.category.DEFAULT" />
144-->src/main/AndroidManifest.xml:74:21-80
144-->src/main/AndroidManifest.xml:74:31-77
145                <category android:name="android.intent.category.BROWSABLE" />
145-->src/main/AndroidManifest.xml:152:17-77
145-->src/main/AndroidManifest.xml:152:27-75
146
147                <data
147-->src/main/AndroidManifest.xml:153:17-156:19
148                    android:host="@string/hostName"
148-->src/main/AndroidManifest.xml:154:21-52
149                    android:scheme="https" />
149-->src/main/AndroidManifest.xml:153:23-45
150            </intent-filter>
151        </activity>
152        <activity android:name="com.google.androidbrowserhelper.trusted.FocusActivity" />
152-->src/main/AndroidManifest.xml:164:9-90
152-->src/main/AndroidManifest.xml:164:19-87
153        <activity
153-->src/main/AndroidManifest.xml:166:9-167:62
154            android:name="com.google.androidbrowserhelper.trusted.WebViewFallbackActivity"
154-->src/main/AndroidManifest.xml:166:19-97
155            android:configChanges="orientation|screenSize" />
155-->src/main/AndroidManifest.xml:167:13-59
156
157        <provider
157-->src/main/AndroidManifest.xml:169:9-177:20
158            android:name="androidx.core.content.FileProvider"
158-->src/main/AndroidManifest.xml:170:13-62
159            android:authorities="@string/providerAuthority"
159-->src/main/AndroidManifest.xml:171:13-60
160            android:exported="false"
160-->src/main/AndroidManifest.xml:173:13-37
161            android:grantUriPermissions="true" >
161-->src/main/AndroidManifest.xml:172:13-47
162            <meta-data
162-->src/main/AndroidManifest.xml:174:13-176:53
163                android:name="android.support.FILE_PROVIDER_PATHS"
163-->src/main/AndroidManifest.xml:175:17-67
164                android:resource="@xml/filepaths" />
164-->src/main/AndroidManifest.xml:176:17-50
165        </provider>
166
167        <service
167-->src/main/AndroidManifest.xml:179:9-194:19
168            android:name="site.claraai.rh.twa.DelegationService"
168-->src/main/AndroidManifest.xml:180:13-46
169            android:enabled="@bool/enableNotification"
169-->src/main/AndroidManifest.xml:181:13-55
170            android:exported="@bool/enableNotification" >
170-->src/main/AndroidManifest.xml:182:13-56
171            <meta-data
171-->src/main/AndroidManifest.xml:185:17-187:73
172                android:name="android.support.customtabs.trusted.SMALL_ICON"
172-->src/main/AndroidManifest.xml:186:21-81
173                android:resource="@drawable/ic_notification_icon" />
173-->src/main/AndroidManifest.xml:187:21-70
174
175            <intent-filter>
175-->src/main/AndroidManifest.xml:190:13-193:29
176                <action android:name="android.support.customtabs.trusted.TRUSTED_WEB_ACTIVITY_SERVICE" />
176-->src/main/AndroidManifest.xml:191:17-105
176-->src/main/AndroidManifest.xml:191:25-103
177
178                <category android:name="android.intent.category.DEFAULT" />
178-->src/main/AndroidManifest.xml:74:21-80
178-->src/main/AndroidManifest.xml:74:31-77
179            </intent-filter>
180        </service>
181
182        <activity android:name="com.google.androidbrowserhelper.trusted.NotificationPermissionRequestActivity" />
182-->src/main/AndroidManifest.xml:197:13-118
182-->src/main/AndroidManifest.xml:197:23-115
183
184        <provider
184-->[androidx.emoji2:emoji2:1.3.0] AndroidManifest.xml:24:9-32:20
185            android:name="androidx.startup.InitializationProvider"
185-->[androidx.emoji2:emoji2:1.3.0] AndroidManifest.xml:25:13-67
186            android:authorities="site.claraai.rh.twa.androidx-startup"
186-->[androidx.emoji2:emoji2:1.3.0] AndroidManifest.xml:26:13-68
187            android:exported="false" >
187-->[androidx.emoji2:emoji2:1.3.0] AndroidManifest.xml:27:13-37
188            <meta-data
188-->[androidx.emoji2:emoji2:1.3.0] AndroidManifest.xml:29:13-31:52
189                android:name="androidx.emoji2.text.EmojiCompatInitializer"
189-->[androidx.emoji2:emoji2:1.3.0] AndroidManifest.xml:30:17-75
190                android:value="androidx.startup" />
190-->[androidx.emoji2:emoji2:1.3.0] AndroidManifest.xml:31:17-49
191            <meta-data
191-->[androidx.lifecycle:lifecycle-process:2.6.2] AndroidManifest.xml:29:13-31:52
192                android:name="androidx.lifecycle.ProcessLifecycleInitializer"
192-->[androidx.lifecycle:lifecycle-process:2.6.2] AndroidManifest.xml:30:17-78
193                android:value="androidx.startup" />
193-->[androidx.lifecycle:lifecycle-process:2.6.2] AndroidManifest.xml:31:17-49
194            <meta-data
194-->[androidx.profileinstaller:profileinstaller:1.3.1] AndroidManifest.xml:29:13-31:52
195                android:name="androidx.profileinstaller.ProfileInstallerInitializer"
195-->[androidx.profileinstaller:profileinstaller:1.3.1] AndroidManifest.xml:30:17-85
196                android:value="androidx.startup" />
196-->[androidx.profileinstaller:profileinstaller:1.3.1] AndroidManifest.xml:31:17-49
197        </provider>
198
199        <receiver
199-->[androidx.profileinstaller:profileinstaller:1.3.1] AndroidManifest.xml:34:9-52:20
200            android:name="androidx.profileinstaller.ProfileInstallReceiver"
200-->[androidx.profileinstaller:profileinstaller:1.3.1] AndroidManifest.xml:35:13-76
201            android:directBootAware="false"
201-->[androidx.profileinstaller:profileinstaller:1.3.1] AndroidManifest.xml:36:13-44
202            android:enabled="true"
202-->[androidx.profileinstaller:profileinstaller:1.3.1] AndroidManifest.xml:37:13-35
203            android:exported="true"
203-->[androidx.profileinstaller:profileinstaller:1.3.1] AndroidManifest.xml:38:13-36
204            android:permission="android.permission.DUMP" >
204-->[androidx.profileinstaller:profileinstaller:1.3.1] AndroidManifest.xml:39:13-57
205            <intent-filter>
205-->[androidx.profileinstaller:profileinstaller:1.3.1] AndroidManifest.xml:40:13-42:29
206                <action android:name="androidx.profileinstaller.action.INSTALL_PROFILE" />
206-->[androidx.profileinstaller:profileinstaller:1.3.1] AndroidManifest.xml:41:17-91
206-->[androidx.profileinstaller:profileinstaller:1.3.1] AndroidManifest.xml:41:25-88
207            </intent-filter>
208            <intent-filter>
208-->[androidx.profileinstaller:profileinstaller:1.3.1] AndroidManifest.xml:43:13-45:29
209                <action android:name="androidx.profileinstaller.action.SKIP_FILE" />
209-->[androidx.profileinstaller:profileinstaller:1.3.1] AndroidManifest.xml:44:17-85
209-->[androidx.profileinstaller:profileinstaller:1.3.1] AndroidManifest.xml:44:25-82
210            </intent-filter>
211            <intent-filter>
211-->[androidx.profileinstaller:profileinstaller:1.3.1] AndroidManifest.xml:46:13-48:29
212                <action android:name="androidx.profileinstaller.action.SAVE_PROFILE" />
212-->[androidx.profileinstaller:profileinstaller:1.3.1] AndroidManifest.xml:47:17-88
212-->[androidx.profileinstaller:profileinstaller:1.3.1] AndroidManifest.xml:47:25-85
213            </intent-filter>
214            <intent-filter>
214-->[androidx.profileinstaller:profileinstaller:1.3.1] AndroidManifest.xml:49:13-51:29
215                <action android:name="androidx.profileinstaller.action.BENCHMARK_OPERATION" />
215-->[androidx.profileinstaller:profileinstaller:1.3.1] AndroidManifest.xml:50:17-95
215-->[androidx.profileinstaller:profileinstaller:1.3.1] AndroidManifest.xml:50:25-92
216            </intent-filter>
217        </receiver>
218    </application>
219
220</manifest>